# JRE version: Java(TM) SE Runtime Environment (8.0_65-b17) (build 1.8.0_65-b17)
# Java VM: Java HotSpot(TM) 64-Bit Server VM (25.65-b01 mixed mode windows-amd64 compressed oops)
Heap:
 PSYoungGen      total 233984K, used 165493K [0x00000000eab00000, 0x00000000fa600000, 0x0000000100000000)
  eden space 210944K, 78% used [0x00000000eab00000,0x00000000f4c9d428,0x00000000f7900000)
  from space 23040K, 0% used [0x00000000f8f80000,0x00000000f8f80000,0x00000000fa600000)
  to   space 23040K, 0% used [0x00000000f7900000,0x00000000f7900000,0x00000000f8f80000)
 ParOldGen       total 110080K, used 52384K [0x00000000c0000000, 0x00000000c6b80000, 0x00000000eab00000)
  object space 110080K, 47% used [0x00000000c0000000,0x00000000c3328158,0x00000000c6b80000)
 Metaspace       used 49934K, capacity 53466K, committed 53848K, reserved 1095680K
  class space    used 6870K, capacity 7986K, committed 8064K, reserved 1048576K
GC Heap History (10 events):
Event: 209.131 GC heap before
{Heap before GC invocations=17 (full 3):
 PSYoungGen      total 204288K, used 183219K [0x00000000eab00000, 0x00000000fb180000, 0x0000000100000000)
  eden space 177664K, 100% used [0x00000000eab00000,0x00000000f5880000,0x00000000f5880000)
  from space 26624K, 20% used [0x00000000f5880000,0x00000000f5decff8,0x00000000f7280000)
  to   space 25600K, 0% used [0x00000000f9880000,0x00000000f9880000,0x00000000fb180000)
 ParOldGen       total 110080K, used 46960K [0x00000000c0000000, 0x00000000c6b80000, 0x00000000eab00000)
  object space 110080K, 42% used [0x00000000c0000000,0x00000000c2ddc068,0x00000000c6b80000)
 Metaspace       used 49294K, capacity 52600K, committed 52824K, reserved 1093632K
  class space    used 6830K, capacity 7957K, committed 8064K, reserved 1048576K
Event: 209.151 GC heap after
Heap after GC invocations=17 (full 3):
 PSYoungGen      total 226816K, used 8666K [0x00000000eab00000, 0x00000000fa800000, 0x0000000100000000)
  eden space 210944K, 0% used [0x00000000eab00000,0x00000000eab00000,0x00000000f7900000)
  from space 15872K, 54% used [0x00000000f9880000,0x00000000fa0f6a90,0x00000000fa800000)
  to   space 24064K, 0% used [0x00000000f7900000,0x00000000f7900000,0x00000000f9080000)
 ParOldGen       total 110080K, used 46968K [0x00000000c0000000, 0x00000000c6b80000, 0x00000000eab00000)
  object space 110080K, 42% used [0x00000000c0000000,0x00000000c2dde068,0x00000000c6b80000)
 Metaspace       used 49294K, capacity 52600K, committed 52824K, reserved 1093632K
  class space    used 6830K, capacity 7957K, committed 8064K, reserved 1048576K
}
Event: 211.061 GC heap before
{Heap before GC invocations=18 (full 3):
 PSYoungGen      total 226816K, used 86498K [0x00000000eab00000, 0x00000000fa800000, 0x0000000100000000)
  eden space 210944K, 36% used [0x00000000eab00000,0x00000000ef701da8,0x00000000f7900000)
  from space 15872K, 54% used [0x00000000f9880000,0x00000000fa0f6a90,0x00000000fa800000)
  to   space 24064K, 0% used [0x00000000f7900000,0x00000000f7900000,0x00000000f9080000)
 ParOldGen       total 110080K, used 46968K [0x00000000c0000000, 0x00000000c6b80000, 0x00000000eab00000)
  object space 110080K, 42% used [0x00000000c0000000,0x00000000c2dde068,0x00000000c6b80000)
 Metaspace       used 49649K, capacity 53316K, committed 53592K, reserved 1095680K
  class space    used 6872K, capacity 8033K, committed 8064K, reserved 1048576K
Event: 211.068 GC heap after
Heap after GC invocations=18 (full 3):
 PSYoungGen      total 218112K, used 6687K [0x00000000eab00000, 0x00000000fa600000, 0x0000000100000000)
  eden space 210944K, 0% used [0x00000000eab00000,0x00000000eab00000,0x00000000f7900000)
  from space 7168K, 93% used [0x00000000f7900000,0x00000000f7f87e28,0x00000000f8000000)
  to   space 23040K, 0% used [0x00000000f8f80000,0x00000000f8f80000,0x00000000fa600000)
 ParOldGen       total 110080K, used 46976K [0x00000000c0000000, 0x00000000c6b80000, 0x00000000eab00000)
  object space 110080K, 42% used [0x00000000c0000000,0x00000000c2de0068,0x00000000c6b80000)
 Metaspace       used 49649K, capacity 53316K, committed 53592K, reserved 1095680K
  class space    used 6872K, capacity 8033K, committed 8064K, reserved 1048576K
}
Event: 211.068 GC heap before
{Heap before GC invocations=19 (full 4):
 PSYoungGen      total 218112K, used 6687K [0x00000000eab00000, 0x00000000fa600000, 0x0000000100000000)
  eden space 210944K, 0% used [0x00000000eab00000,0x00000000eab00000,0x00000000f7900000)
  from space 7168K, 93% used [0x00000000f7900000,0x00000000f7f87e28,0x00000000f8000000)
  to   space 23040K, 0% used [0x00000000f8f80000,0x00000000f8f80000,0x00000000fa600000)
 ParOldGen       total 110080K, used 46976K [0x00000000c0000000, 0x00000000c6b80000, 0x00000000eab00000)
  object space 110080K, 42% used [0x00000000c0000000,0x00000000c2de0068,0x00000000c6b80000)
 Metaspace       used 49649K, capacity 53316K, committed 53592K, reserved 1095680K
  class space    used 6872K, capacity 8033K, committed 8064K, reserved 1048576K
Event: 211.466 GC heap after
Heap after GC invocations=19 (full 4):
 PSYoungGen      total 218112K, used 0K [0x00000000eab00000, 0x00000000fa600000, 0x0000000100000000)
  eden space 210944K, 0% used [0x00000000eab00000,0x00000000eab00000,0x00000000f7900000)
  from space 7168K, 0% used [0x00000000f7900000,0x00000000f7900000,0x00000000f8000000)
  to   space 23040K, 0% used [0x00000000f8f80000,0x00000000f8f80000,0x00000000fa600000)
 ParOldGen       total 110080K, used 51573K [0x00000000c0000000, 0x00000000c6b80000, 0x00000000eab00000)
  object space 110080K, 46% used [0x00000000c0000000,0x00000000c325d628,0x00000000c6b80000)
 Metaspace       used 49549K, capacity 52974K, committed 53592K, reserved 1095680K
  class space    used 6848K, capacity 7931K, committed 8064K, reserved 1048576K
}
Event: 479.998 GC heap before
{Heap before GC invocations=20 (full 4):
 PSYoungGen      total 218112K, used 133761K [0x00000000eab00000, 0x00000000fa600000, 0x0000000100000000)
  eden space 210944K, 63% used [0x00000000eab00000,0x00000000f2da0790,0x00000000f7900000)
  from space 7168K, 0% used [0x00000000f7900000,0x00000000f7900000,0x00000000f8000000)
  to   space 23040K, 0% used [0x00000000f8f80000,0x00000000f8f80000,0x00000000fa600000)
 ParOldGen       total 110080K, used 51573K [0x00000000c0000000, 0x00000000c6b80000, 0x00000000eab00000)
  object space 110080K, 46% used [0x00000000c0000000,0x00000000c325d628,0x00000000c6b80000)
 Metaspace       used 49901K, capacity 53552K, committed 53848K, reserved 1095680K
  class space    used 6875K, capacity 8014K, committed 8064K, reserved 1048576K
Event: 480.002 GC heap after
Heap after GC invocations=20 (full 4):
 PSYoungGen      total 233984K, used 1552K [0x00000000eab00000, 0x00000000fa600000, 0x0000000100000000)
  eden space 210944K, 0% used [0x00000000eab00000,0x00000000eab00000,0x00000000f7900000)
  from space 23040K, 6% used [0x00000000f8f80000,0x00000000f9104030,0x00000000fa600000)
  to   space 23040K, 0% used [0x00000000f7900000,0x00000000f7900000,0x00000000f8f80000)
 ParOldGen       total 110080K, used 51581K [0x00000000c0000000, 0x00000000c6b80000, 0x00000000eab00000)
  object space 110080K, 46% used [0x00000000c0000000,0x00000000c325f628,0x00000000c6b80000)
 Metaspace       used 49901K, capacity 53552K, committed 53848K, reserved 1095680K
  class space    used 6875K, capacity 8014K, committed 8064K, reserved 1048576K
}
Event: 480.002 GC heap before
{Heap before GC invocations=21 (full 5):
 PSYoungGen      total 233984K, used 1552K [0x00000000eab00000, 0x00000000fa600000, 0x0000000100000000)
  eden space 210944K, 0% used [0x00000000eab00000,0x00000000eab00000,0x00000000f7900000)
  from space 23040K, 6% used [0x00000000f8f80000,0x00000000f9104030,0x00000000fa600000)
  to   space 23040K, 0% used [0x00000000f7900000,0x00000000f7900000,0x00000000f8f80000)
 ParOldGen       total 110080K, used 51581K [0x00000000c0000000, 0x00000000c6b80000, 0x00000000eab00000)
  object space 110080K, 46% used [0x00000000c0000000,0x00000000c325f628,0x00000000c6b80000)
 Metaspace       used 49901K, capacity 53552K, committed 53848K, reserved 1095680K
  class space    used 6875K, capacity 8014K, committed 8064K, reserved 1048576K
Event: 480.226 GC heap after
Heap after GC invocations=21 (full 5):
 PSYoungGen      total 233984K, used 0K [0x00000000eab00000, 0x00000000fa600000, 0x0000000100000000)
  eden space 210944K, 0% used [0x00000000eab00000,0x00000000eab00000,0x00000000f7900000)
  from space 23040K, 0% used [0x00000000f8f80000,0x00000000f8f80000,0x00000000fa600000)
  to   space 23040K, 0% used [0x00000000f7900000,0x00000000f7900000,0x00000000f8f80000)
 ParOldGen       total 110080K, used 52384K [0x00000000c0000000, 0x00000000c6b80000, 0x00000000eab00000)
  object space 110080K, 47% used [0x00000000c0000000,0x00000000c3328158,0x00000000c6b80000)
 Metaspace       used 49868K, capacity 53438K, committed 53848K, reserved 1095680K
  class space    used 6867K, capacity 7980K, committed 8064K, reserved 1048576K
}

