# JRE version: Java(TM) SE Runtime Environment (8.0_66-b18) (build 1.8.0_66-b18)
# Java VM: Java HotSpot(TM) 64-Bit Server VM (25.66-b18 mixed mode windows-amd64 compressed oops)
Heap:
 PSYoungGen      total 232448K, used 49027K [0x00000000eab00000, 0x00000000fa500000, 0x0000000100000000)
  eden space 216064K, 22% used [0x00000000eab00000,0x00000000edae0e50,0x00000000f7e00000)
  from space 16384K, 0% used [0x00000000f9500000,0x00000000f9500000,0x00000000fa500000)
  to   space 19968K, 0% used [0x00000000f7e00000,0x00000000f7e00000,0x00000000f9180000)
 ParOldGen       total 95232K, used 23652K [0x00000000c0000000, 0x00000000c5d00000, 0x00000000eab00000)
  object space 95232K, 24% used [0x00000000c0000000,0x00000000c1719290,0x00000000c5d00000)
 Metaspace       used 36676K, capacity 37830K, committed 37928K, reserved 1081344K
  class space    used 4952K, capacity 5381K, committed 5416K, reserved 1048576K
GC Heap History (10 events):
Event: 10.345 GC heap before
{Heap before GC invocations=6 (full 1):
 PSYoungGen      total 103424K, used 103345K [0x00000000eab00000, 0x00000000f2e00000, 0x0000000100000000)
  eden space 101376K, 100% used [0x00000000eab00000,0x00000000f0e00000,0x00000000f0e00000)
  from space 2048K, 96% used [0x00000000f2c00000,0x00000000f2dec500,0x00000000f2e00000)
  to   space 5120K, 0% used [0x00000000f2400000,0x00000000f2400000,0x00000000f2900000)
 ParOldGen       total 61952K, used 11426K [0x00000000c0000000, 0x00000000c3c80000, 0x00000000eab00000)
  object space 61952K, 18% used [0x00000000c0000000,0x00000000c0b28ad0,0x00000000c3c80000)
 Metaspace       used 22228K, capacity 22776K, committed 22912K, reserved 1069056K
  class space    used 2939K, capacity 3143K, committed 3200K, reserved 1048576K
Event: 10.351 GC heap after
Heap after GC invocations=6 (full 1):
 PSYoungGen      total 129024K, used 1688K [0x00000000eab00000, 0x00000000f5d80000, 0x0000000100000000)
  eden space 123904K, 0% used [0x00000000eab00000,0x00000000eab00000,0x00000000f2400000)
  from space 5120K, 32% used [0x00000000f2400000,0x00000000f25a6110,0x00000000f2900000)
  to   space 13312K, 0% used [0x00000000f5080000,0x00000000f5080000,0x00000000f5d80000)
 ParOldGen       total 61952K, used 11434K [0x00000000c0000000, 0x00000000c3c80000, 0x00000000eab00000)
  object space 61952K, 18% used [0x00000000c0000000,0x00000000c0b2aad0,0x00000000c3c80000)
 Metaspace       used 22228K, capacity 22776K, committed 22912K, reserved 1069056K
  class space    used 2939K, capacity 3143K, committed 3200K, reserved 1048576K
}
Event: 11.126 GC heap before
{Heap before GC invocations=7 (full 1):
 PSYoungGen      total 129024K, used 125592K [0x00000000eab00000, 0x00000000f5d80000, 0x0000000100000000)
  eden space 123904K, 100% used [0x00000000eab00000,0x00000000f2400000,0x00000000f2400000)
  from space 5120K, 32% used [0x00000000f2400000,0x00000000f25a6110,0x00000000f2900000)
  to   space 13312K, 0% used [0x00000000f5080000,0x00000000f5080000,0x00000000f5d80000)
 ParOldGen       total 61952K, used 11434K [0x00000000c0000000, 0x00000000c3c80000, 0x00000000eab00000)
  object space 61952K, 18% used [0x00000000c0000000,0x00000000c0b2aad0,0x00000000c3c80000)
 Metaspace       used 22231K, capacity 22776K, committed 22912K, reserved 1069056K
  class space    used 2939K, capacity 3143K, committed 3200K, reserved 1048576K
Event: 11.130 GC heap after
Heap after GC invocations=7 (full 1):
 PSYoungGen      total 169984K, used 2276K [0x00000000eab00000, 0x00000000f7700000, 0x0000000100000000)
  eden space 156672K, 0% used [0x00000000eab00000,0x00000000eab00000,0x00000000f4400000)
  from space 13312K, 17% used [0x00000000f5080000,0x00000000f52b9120,0x00000000f5d80000)
  to   space 12800K, 0% used [0x00000000f4400000,0x00000000f4400000,0x00000000f5080000)
 ParOldGen       total 61952K, used 11434K [0x00000000c0000000, 0x00000000c3c80000, 0x00000000eab00000)
  object space 61952K, 18% used [0x00000000c0000000,0x00000000c0b2aad0,0x00000000c3c80000)
 Metaspace       used 22231K, capacity 22776K, committed 22912K, reserved 1069056K
  class space    used 2939K, capacity 3143K, committed 3200K, reserved 1048576K
}
Event: 15.325 GC heap before
{Heap before GC invocations=8 (full 1):
 PSYoungGen      total 169984K, used 158948K [0x00000000eab00000, 0x00000000f7700000, 0x0000000100000000)
  eden space 156672K, 100% used [0x00000000eab00000,0x00000000f4400000,0x00000000f4400000)
  from space 13312K, 17% used [0x00000000f5080000,0x00000000f52b9120,0x00000000f5d80000)
  to   space 12800K, 0% used [0x00000000f4400000,0x00000000f4400000,0x00000000f5080000)
 ParOldGen       total 61952K, used 11434K [0x00000000c0000000, 0x00000000c3c80000, 0x00000000eab00000)
  object space 61952K, 18% used [0x00000000c0000000,0x00000000c0b2aad0,0x00000000c3c80000)
 Metaspace       used 29232K, capacity 30048K, committed 30336K, reserved 1075200K
  class space    used 3863K, capacity 4175K, committed 4224K, reserved 1048576K
Event: 15.347 GC heap after
Heap after GC invocations=8 (full 1):
 PSYoungGen      total 169472K, used 12771K [0x00000000eab00000, 0x00000000fa500000, 0x0000000100000000)
  eden space 156672K, 0% used [0x00000000eab00000,0x00000000eab00000,0x00000000f4400000)
  from space 12800K, 99% used [0x00000000f4400000,0x00000000f5078e10,0x00000000f5080000)
  to   space 16384K, 0% used [0x00000000f9500000,0x00000000f9500000,0x00000000fa500000)
 ParOldGen       total 61952K, used 12418K [0x00000000c0000000, 0x00000000c3c80000, 0x00000000eab00000)
  object space 61952K, 20% used [0x00000000c0000000,0x00000000c0c20ac0,0x00000000c3c80000)
 Metaspace       used 29232K, capacity 30048K, committed 30336K, reserved 1075200K
  class space    used 3863K, capacity 4175K, committed 4224K, reserved 1048576K
}
Event: 18.150 GC heap before
{Heap before GC invocations=9 (full 1):
 PSYoungGen      total 169472K, used 86438K [0x00000000eab00000, 0x00000000fa500000, 0x0000000100000000)
  eden space 156672K, 47% used [0x00000000eab00000,0x00000000ef2f0c30,0x00000000f4400000)
  from space 12800K, 99% used [0x00000000f4400000,0x00000000f5078e10,0x00000000f5080000)
  to   space 16384K, 0% used [0x00000000f9500000,0x00000000f9500000,0x00000000fa500000)
 ParOldGen       total 61952K, used 12418K [0x00000000c0000000, 0x00000000c3c80000, 0x00000000eab00000)
  object space 61952K, 20% used [0x00000000c0000000,0x00000000c0c20ac0,0x00000000c3c80000)
 Metaspace       used 34352K, capacity 35440K, committed 35496K, reserved 1079296K
  class space    used 4610K, capacity 5031K, committed 5032K, reserved 1048576K
Event: 18.166 GC heap after
Heap after GC invocations=9 (full 1):
 PSYoungGen      total 232448K, used 16365K [0x00000000eab00000, 0x00000000fa500000, 0x0000000100000000)
  eden space 216064K, 0% used [0x00000000eab00000,0x00000000eab00000,0x00000000f7e00000)
  from space 16384K, 99% used [0x00000000f9500000,0x00000000fa4fb6f0,0x00000000fa500000)
  to   space 19968K, 0% used [0x00000000f7e00000,0x00000000f7e00000,0x00000000f9180000)
 ParOldGen       total 61952K, used 13662K [0x00000000c0000000, 0x00000000c3c80000, 0x00000000eab00000)
  object space 61952K, 22% used [0x00000000c0000000,0x00000000c0d57978,0x00000000c3c80000)
 Metaspace       used 34352K, capacity 35440K, committed 35496K, reserved 1079296K
  class space    used 4610K, capacity 5031K, committed 5032K, reserved 1048576K
}
Event: 18.166 GC heap before
{Heap before GC invocations=10 (full 2):
 PSYoungGen      total 232448K, used 16365K [0x00000000eab00000, 0x00000000fa500000, 0x0000000100000000)
  eden space 216064K, 0% used [0x00000000eab00000,0x00000000eab00000,0x00000000f7e00000)
  from space 16384K, 99% used [0x00000000f9500000,0x00000000fa4fb6f0,0x00000000fa500000)
  to   space 19968K, 0% used [0x00000000f7e00000,0x00000000f7e00000,0x00000000f9180000)
 ParOldGen       total 61952K, used 13662K [0x00000000c0000000, 0x00000000c3c80000, 0x00000000eab00000)
  object space 61952K, 22% used [0x00000000c0000000,0x00000000c0d57978,0x00000000c3c80000)
 Metaspace       used 34352K, capacity 35440K, committed 35496K, reserved 1079296K
  class space    used 4610K, capacity 5031K, committed 5032K, reserved 1048576K
Event: 18.271 GC heap after
Heap after GC invocations=10 (full 2):
 PSYoungGen      total 232448K, used 0K [0x00000000eab00000, 0x00000000fa500000, 0x0000000100000000)
  eden space 216064K, 0% used [0x00000000eab00000,0x00000000eab00000,0x00000000f7e00000)
  from space 16384K, 0% used [0x00000000f9500000,0x00000000f9500000,0x00000000fa500000)
  to   space 19968K, 0% used [0x00000000f7e00000,0x00000000f7e00000,0x00000000f9180000)
 ParOldGen       total 95232K, used 23652K [0x00000000c0000000, 0x00000000c5d00000, 0x00000000eab00000)
  object space 95232K, 24% used [0x00000000c0000000,0x00000000c1719290,0x00000000c5d00000)
 Metaspace       used 34319K, capacity 35326K, committed 35496K, reserved 1079296K
  class space    used 4604K, capacity 4997K, committed 5032K, reserved 1048576K
}

