# JRE version: Java(TM) SE Runtime Environment (8.0_66-b18) (build 1.8.0_66-b18)
# Java VM: Java HotSpot(TM) 64-Bit Server VM (25.66-b18 mixed mode windows-amd64 compressed oops)
Heap:
 PSYoungGen      total 314880K, used 71066K [0x00000000eab00000, 0x0000000100000000, 0x0000000100000000)
  eden space 290816K, 24% used [0x00000000eab00000,0x00000000ef066980,0x00000000fc700000)
  from space 24064K, 0% used [0x00000000fc700000,0x00000000fc700000,0x00000000fde80000)
  to   space 31744K, 0% used [0x00000000fe100000,0x00000000fe100000,0x0000000100000000)
 ParOldGen       total 98304K, used 42989K [0x00000000c0000000, 0x00000000c6000000, 0x00000000eab00000)
  object space 98304K, 43% used [0x00000000c0000000,0x00000000c29fb650,0x00000000c6000000)
 Metaspace       used 48253K, capacity 50336K, committed 50560K, reserved 1091584K
  class space    used 6628K, capacity 7432K, committed 7552K, reserved 1048576K
GC Heap History (10 events):
Event: 6.197 GC heap before
{Heap before GC invocations=8 (full 2):
 PSYoungGen      total 230400K, used 15854K [0x00000000eab00000, 0x00000000fac80000, 0x0000000100000000)
  eden space 214528K, 0% used [0x00000000eab00000,0x00000000eab00000,0x00000000f7c80000)
  from space 15872K, 99% used [0x00000000f9000000,0x00000000f9f7b8f0,0x00000000f9f80000)
  to   space 19968K, 0% used [0x00000000f7c80000,0x00000000f7c80000,0x00000000f9000000)
 ParOldGen       total 59392K, used 21420K [0x00000000c0000000, 0x00000000c3a00000, 0x00000000eab00000)
  object space 59392K, 36% used [0x00000000c0000000,0x00000000c14eb310,0x00000000c3a00000)
 Metaspace       used 34447K, capacity 35418K, committed 35496K, reserved 1079296K
  class space    used 4711K, capacity 5074K, committed 5120K, reserved 1048576K
Event: 6.558 GC heap after
Heap after GC invocations=8 (full 2):
 PSYoungGen      total 230400K, used 0K [0x00000000eab00000, 0x00000000fac80000, 0x0000000100000000)
  eden space 214528K, 0% used [0x00000000eab00000,0x00000000eab00000,0x00000000f7c80000)
  from space 15872K, 0% used [0x00000000f9000000,0x00000000f9000000,0x00000000f9f80000)
  to   space 19968K, 0% used [0x00000000f7c80000,0x00000000f7c80000,0x00000000f9000000)
 ParOldGen       total 98304K, used 31565K [0x00000000c0000000, 0x00000000c6000000, 0x00000000eab00000)
  object space 98304K, 32% used [0x00000000c0000000,0x00000000c1ed3520,0x00000000c6000000)
 Metaspace       used 34447K, capacity 35418K, committed 35496K, reserved 1079296K
  class space    used 4711K, capacity 5074K, committed 5120K, reserved 1048576K
}
Event: 15.060 GC heap before
{Heap before GC invocations=9 (full 2):
 PSYoungGen      total 230400K, used 214528K [0x00000000eab00000, 0x00000000fac80000, 0x0000000100000000)
  eden space 214528K, 100% used [0x00000000eab00000,0x00000000f7c80000,0x00000000f7c80000)
  from space 15872K, 0% used [0x00000000f9000000,0x00000000f9000000,0x00000000f9f80000)
  to   space 19968K, 0% used [0x00000000f7c80000,0x00000000f7c80000,0x00000000f9000000)
 ParOldGen       total 98304K, used 31565K [0x00000000c0000000, 0x00000000c6000000, 0x00000000eab00000)
  object space 98304K, 32% used [0x00000000c0000000,0x00000000c1ed3520,0x00000000c6000000)
 Metaspace       used 40326K, capacity 41770K, committed 41856K, reserved 1085440K
  class space    used 5687K, capacity 6228K, committed 6272K, reserved 1048576K
Event: 15.135 GC heap after
Heap after GC invocations=9 (full 2):
 PSYoungGen      total 234496K, used 19946K [0x00000000eab00000, 0x0000000100000000, 0x0000000100000000)
  eden space 214528K, 0% used [0x00000000eab00000,0x00000000eab00000,0x00000000f7c80000)
  from space 19968K, 99% used [0x00000000f7c80000,0x00000000f8ffa8b8,0x00000000f9000000)
  to   space 24576K, 0% used [0x00000000fe800000,0x00000000fe800000,0x0000000100000000)
 ParOldGen       total 98304K, used 32805K [0x00000000c0000000, 0x00000000c6000000, 0x00000000eab00000)
  object space 98304K, 33% used [0x00000000c0000000,0x00000000c20097f0,0x00000000c6000000)
 Metaspace       used 40326K, capacity 41770K, committed 41856K, reserved 1085440K
  class space    used 5687K, capacity 6228K, committed 6272K, reserved 1048576K
}
Event: 22.492 GC heap before
{Heap before GC invocations=10 (full 2):
 PSYoungGen      total 234496K, used 233085K [0x00000000eab00000, 0x0000000100000000, 0x0000000100000000)
  eden space 214528K, 99% used [0x00000000eab00000,0x00000000f7b24d38,0x00000000f7c80000)
  from space 19968K, 99% used [0x00000000f7c80000,0x00000000f8ffa8b8,0x00000000f9000000)
  to   space 24576K, 0% used [0x00000000fe800000,0x00000000fe800000,0x0000000100000000)
 ParOldGen       total 98304K, used 32805K [0x00000000c0000000, 0x00000000c6000000, 0x00000000eab00000)
  object space 98304K, 33% used [0x00000000c0000000,0x00000000c20097f0,0x00000000c6000000)
 Metaspace       used 46287K, capacity 48322K, committed 48512K, reserved 1091584K
  class space    used 6490K, capacity 7277K, committed 7296K, reserved 1048576K
Event: 22.581 GC heap after
Heap after GC invocations=10 (full 2):
 PSYoungGen      total 315392K, used 24563K [0x00000000eab00000, 0x0000000100000000, 0x0000000100000000)
  eden space 290816K, 0% used [0x00000000eab00000,0x00000000eab00000,0x00000000fc700000)
  from space 24576K, 99% used [0x00000000fe800000,0x00000000ffffced8,0x0000000100000000)
  to   space 29184K, 0% used [0x00000000fc700000,0x00000000fc700000,0x00000000fe380000)
 ParOldGen       total 98304K, used 34218K [0x00000000c0000000, 0x00000000c6000000, 0x00000000eab00000)
  object space 98304K, 34% used [0x00000000c0000000,0x00000000c216a9e8,0x00000000c6000000)
 Metaspace       used 46287K, capacity 48322K, committed 48512K, reserved 1091584K
  class space    used 6490K, capacity 7277K, committed 7296K, reserved 1048576K
}
Event: 24.953 GC heap before
{Heap before GC invocations=11 (full 2):
 PSYoungGen      total 315392K, used 79519K [0x00000000eab00000, 0x0000000100000000, 0x0000000100000000)
  eden space 290816K, 18% used [0x00000000eab00000,0x00000000ee0ab068,0x00000000fc700000)
  from space 24576K, 99% used [0x00000000fe800000,0x00000000ffffced8,0x0000000100000000)
  to   space 29184K, 0% used [0x00000000fc700000,0x00000000fc700000,0x00000000fe380000)
 ParOldGen       total 98304K, used 34218K [0x00000000c0000000, 0x00000000c6000000, 0x00000000eab00000)
  object space 98304K, 34% used [0x00000000c0000000,0x00000000c216a9e8,0x00000000c6000000)
 Metaspace       used 47796K, capacity 49776K, committed 49920K, reserved 1091584K
  class space    used 6608K, capacity 7377K, committed 7424K, reserved 1048576K
Event: 24.988 GC heap after
Heap after GC invocations=11 (full 2):
 PSYoungGen      total 314880K, used 23883K [0x00000000eab00000, 0x0000000100000000, 0x0000000100000000)
  eden space 290816K, 0% used [0x00000000eab00000,0x00000000eab00000,0x00000000fc700000)
  from space 24064K, 99% used [0x00000000fc700000,0x00000000fde52da0,0x00000000fde80000)
  to   space 31744K, 0% used [0x00000000fe100000,0x00000000fe100000,0x0000000100000000)
 ParOldGen       total 98304K, used 34226K [0x00000000c0000000, 0x00000000c6000000, 0x00000000eab00000)
  object space 98304K, 34% used [0x00000000c0000000,0x00000000c216c9e8,0x00000000c6000000)
 Metaspace       used 47796K, capacity 49776K, committed 49920K, reserved 1091584K
  class space    used 6608K, capacity 7377K, committed 7424K, reserved 1048576K
}
Event: 24.988 GC heap before
{Heap before GC invocations=12 (full 3):
 PSYoungGen      total 314880K, used 23883K [0x00000000eab00000, 0x0000000100000000, 0x0000000100000000)
  eden space 290816K, 0% used [0x00000000eab00000,0x00000000eab00000,0x00000000fc700000)
  from space 24064K, 99% used [0x00000000fc700000,0x00000000fde52da0,0x00000000fde80000)
  to   space 31744K, 0% used [0x00000000fe100000,0x00000000fe100000,0x0000000100000000)
 ParOldGen       total 98304K, used 34226K [0x00000000c0000000, 0x00000000c6000000, 0x00000000eab00000)
  object space 98304K, 34% used [0x00000000c0000000,0x00000000c216c9e8,0x00000000c6000000)
 Metaspace       used 47796K, capacity 49776K, committed 49920K, reserved 1091584K
  class space    used 6608K, capacity 7377K, committed 7424K, reserved 1048576K
Event: 25.427 GC heap after
Heap after GC invocations=12 (full 3):
 PSYoungGen      total 314880K, used 0K [0x00000000eab00000, 0x0000000100000000, 0x0000000100000000)
  eden space 290816K, 0% used [0x00000000eab00000,0x00000000eab00000,0x00000000fc700000)
  from space 24064K, 0% used [0x00000000fc700000,0x00000000fc700000,0x00000000fde80000)
  to   space 31744K, 0% used [0x00000000fe100000,0x00000000fe100000,0x0000000100000000)
 ParOldGen       total 98304K, used 42989K [0x00000000c0000000, 0x00000000c6000000, 0x00000000eab00000)
  object space 98304K, 43% used [0x00000000c0000000,0x00000000c29fb650,0x00000000c6000000)
 Metaspace       used 47796K, capacity 49776K, committed 49920K, reserved 1091584K
  class space    used 6608K, capacity 7377K, committed 7424K, reserved 1048576K
}

